# JRE version: OpenJDK Runtime Environment (8.0_242-b01) (build 1.8.0_242-release-1644-b01)
# Java VM: OpenJDK 64-Bit Server VM (25.242-b01 mixed mode windows-amd64 compressed oops)
Heap:
 PSYoungGen      total 397824K, used 143643K [0x00000000d5580000, 0x00000000f3500000, 0x0000000100000000)
  eden space 381952K, 33% used [0x00000000d5580000,0x00000000dd277ca8,0x00000000eca80000)
  from space 15872K, 98% used [0x00000000f2580000,0x00000000f34cf128,0x00000000f3500000)
  to   space 46592K, 0% used [0x00000000eda00000,0x00000000eda00000,0x00000000f0780000)
 ParOldGen       total 215040K, used 77892K [0x0000000080000000, 0x000000008d200000, 0x00000000d5580000)
  object space 215040K, 36% used [0x0000000080000000,0x0000000084c11278,0x000000008d200000)
 Metaspace       used 97233K, capacity 102030K, committed 102616K, reserved 1138688K
  class space    used 12704K, capacity 13704K, committed 13824K, reserved 1048576K
GC Heap History (10 events):
Event: 20.550 GC heap before
{Heap before GC invocations=16 (full 3):
 PSYoungGen      total 266240K, used 266220K [0x00000000d5580000, 0x00000000e8f00000, 0x0000000100000000)
  eden space 240128K, 100% used [0x00000000d5580000,0x00000000e4000000,0x00000000e4000000)
  from space 26112K, 99% used [0x00000000e5f80000,0x00000000e78fb260,0x00000000e7900000)
  to   space 32256K, 0% used [0x00000000e4000000,0x00000000e4000000,0x00000000e5f80000)
 ParOldGen       total 135168K, used 38804K [0x0000000080000000, 0x0000000088400000, 0x00000000d5580000)
  object space 135168K, 28% used [0x0000000080000000,0x00000000825e5158,0x0000000088400000)
 Metaspace       used 85798K, capacity 90082K, committed 90200K, reserved 1126400K
  class space    used 11529K, capacity 12348K, committed 12416K, reserved 1048576K
Event: 20.648 GC heap after
Heap after GC invocations=16 (full 3):
 PSYoungGen      total 272384K, used 32228K [0x00000000d5580000, 0x00000000ed480000, 0x0000000100000000)
  eden space 240128K, 0% used [0x00000000d5580000,0x00000000d5580000,0x00000000e4000000)
  from space 32256K, 99% used [0x00000000e4000000,0x00000000e5f792b0,0x00000000e5f80000)
  to   space 40960K, 0% used [0x00000000eac80000,0x00000000eac80000,0x00000000ed480000)
 ParOldGen       total 135168K, used 49134K [0x0000000080000000, 0x0000000088400000, 0x00000000d5580000)
  object space 135168K, 36% used [0x0000000080000000,0x0000000082ffbb78,0x0000000088400000)
 Metaspace       used 85798K, capacity 90082K, committed 90200K, reserved 1126400K
  class space    used 11529K, capacity 12348K, committed 12416K, reserved 1048576K
}
Event: 24.841 GC heap before
{Heap before GC invocations=17 (full 3):
 PSYoungGen      total 272384K, used 272356K [0x00000000d5580000, 0x00000000ed480000, 0x0000000100000000)
  eden space 240128K, 100% used [0x00000000d5580000,0x00000000e4000000,0x00000000e4000000)
  from space 32256K, 99% used [0x00000000e4000000,0x00000000e5f792b0,0x00000000e5f80000)
  to   space 40960K, 0% used [0x00000000eac80000,0x00000000eac80000,0x00000000ed480000)
 ParOldGen       total 135168K, used 49134K [0x0000000080000000, 0x0000000088400000, 0x00000000d5580000)
  object space 135168K, 36% used [0x0000000080000000,0x0000000082ffbb78,0x0000000088400000)
 Metaspace       used 92128K, capacity 96994K, committed 97112K, reserved 1132544K
  class space    used 12401K, capacity 13385K, committed 13440K, reserved 1048576K
Event: 25.007 GC heap after
Heap after GC invocations=17 (full 3):
 PSYoungGen      total 341504K, used 40932K [0x00000000d5580000, 0x00000000eea00000, 0x0000000100000000)
  eden space 300544K, 0% used [0x00000000d5580000,0x00000000d5580000,0x00000000e7b00000)
  from space 40960K, 99% used [0x00000000eac80000,0x00000000ed479180,0x00000000ed480000)
  to   space 50688K, 0% used [0x00000000e7b00000,0x00000000e7b00000,0x00000000eac80000)
 ParOldGen       total 135168K, used 56731K [0x0000000080000000, 0x0000000088400000, 0x00000000d5580000)
  object space 135168K, 41% used [0x0000000080000000,0x0000000083766fa0,0x0000000088400000)
 Metaspace       used 92128K, capacity 96994K, committed 97112K, reserved 1132544K
  class space    used 12401K, capacity 13385K, committed 13440K, reserved 1048576K
}
Event: 25.517 GC heap before
{Heap before GC invocations=18 (full 3):
 PSYoungGen      total 341504K, used 61640K [0x00000000d5580000, 0x00000000eea00000, 0x0000000100000000)
  eden space 300544K, 6% used [0x00000000d5580000,0x00000000d69b9230,0x00000000e7b00000)
  from space 40960K, 99% used [0x00000000eac80000,0x00000000ed479180,0x00000000ed480000)
  to   space 50688K, 0% used [0x00000000e7b00000,0x00000000e7b00000,0x00000000eac80000)
 ParOldGen       total 135168K, used 56731K [0x0000000080000000, 0x0000000088400000, 0x00000000d5580000)
  object space 135168K, 41% used [0x0000000080000000,0x0000000083766fa0,0x0000000088400000)
 Metaspace       used 93230K, capacity 98326K, committed 98380K, reserved 1134592K
  class space    used 12520K, capacity 13523K, committed 13568K, reserved 1048576K
Event: 25.637 GC heap after
Heap after GC invocations=18 (full 3):
 PSYoungGen      total 351232K, used 23091K [0x00000000d5580000, 0x00000000f5500000, 0x0000000100000000)
  eden space 300544K, 0% used [0x00000000d5580000,0x00000000d5580000,0x00000000e7b00000)
  from space 50688K, 45% used [0x00000000e7b00000,0x00000000e918cda0,0x00000000eac80000)
  to   space 48640K, 0% used [0x00000000f2580000,0x00000000f2580000,0x00000000f5500000)
 ParOldGen       total 135168K, used 75322K [0x0000000080000000, 0x0000000088400000, 0x00000000d5580000)
  object space 135168K, 55% used [0x0000000080000000,0x000000008498e970,0x0000000088400000)
 Metaspace       used 93230K, capacity 98326K, committed 98380K, reserved 1134592K
  class space    used 12520K, capacity 13523K, committed 13568K, reserved 1048576K
}
Event: 25.637 GC heap before
{Heap before GC invocations=19 (full 4):
 PSYoungGen      total 351232K, used 23091K [0x00000000d5580000, 0x00000000f5500000, 0x0000000100000000)
  eden space 300544K, 0% used [0x00000000d5580000,0x00000000d5580000,0x00000000e7b00000)
  from space 50688K, 45% used [0x00000000e7b00000,0x00000000e918cda0,0x00000000eac80000)
  to   space 48640K, 0% used [0x00000000f2580000,0x00000000f2580000,0x00000000f5500000)
 ParOldGen       total 135168K, used 75322K [0x0000000080000000, 0x0000000088400000, 0x00000000d5580000)
  object space 135168K, 55% used [0x0000000080000000,0x000000008498e970,0x0000000088400000)
 Metaspace       used 93230K, capacity 98326K, committed 98380K, reserved 1134592K
  class space    used 12520K, capacity 13523K, committed 13568K, reserved 1048576K
Event: 28.500 GC heap after
Heap after GC invocations=19 (full 4):
 PSYoungGen      total 351232K, used 0K [0x00000000d5580000, 0x00000000f5500000, 0x0000000100000000)
  eden space 300544K, 0% used [0x00000000d5580000,0x00000000d5580000,0x00000000e7b00000)
  from space 50688K, 0% used [0x00000000e7b00000,0x00000000e7b00000,0x00000000eac80000)
  to   space 48640K, 0% used [0x00000000f2580000,0x00000000f2580000,0x00000000f5500000)
 ParOldGen       total 215040K, used 77884K [0x0000000080000000, 0x000000008d200000, 0x00000000d5580000)
  object space 215040K, 36% used [0x0000000080000000,0x0000000084c0f278,0x000000008d200000)
 Metaspace       used 92889K, capacity 97300K, committed 98380K, reserved 1134592K
  class space    used 12411K, capacity 13304K, committed 13568K, reserved 1048576K
}
Event: 265.265 GC heap before
{Heap before GC invocations=20 (full 4):
 PSYoungGen      total 351232K, used 300544K [0x00000000d5580000, 0x00000000f5500000, 0x0000000100000000)
  eden space 300544K, 100% used [0x00000000d5580000,0x00000000e7b00000,0x00000000e7b00000)
  from space 50688K, 0% used [0x00000000e7b00000,0x00000000e7b00000,0x00000000eac80000)
  to   space 48640K, 0% used [0x00000000f2580000,0x00000000f2580000,0x00000000f5500000)
 ParOldGen       total 215040K, used 77884K [0x0000000080000000, 0x000000008d200000, 0x00000000d5580000)
  object space 215040K, 36% used [0x0000000080000000,0x0000000084c0f278,0x000000008d200000)
 Metaspace       used 96862K, capacity 101720K, committed 102360K, reserved 1138688K
  class space    used 12680K, capacity 13675K, committed 13824K, reserved 1048576K
Event: 265.461 GC heap after
Heap after GC invocations=20 (full 4):
 PSYoungGen      total 397824K, used 15676K [0x00000000d5580000, 0x00000000f3500000, 0x0000000100000000)
  eden space 381952K, 0% used [0x00000000d5580000,0x00000000d5580000,0x00000000eca80000)
  from space 15872K, 98% used [0x00000000f2580000,0x00000000f34cf128,0x00000000f3500000)
  to   space 46592K, 0% used [0x00000000eda00000,0x00000000eda00000,0x00000000f0780000)
 ParOldGen       total 215040K, used 77892K [0x0000000080000000, 0x000000008d200000, 0x00000000d5580000)
  object space 215040K, 36% used [0x0000000080000000,0x0000000084c11278,0x000000008d200000)
 Metaspace       used 96862K, capacity 101720K, committed 102360K, reserved 1138688K
  class space    used 12680K, capacity 13675K, committed 13824K, reserved 1048576K
}

